<?xml version="1.0" encoding="UTF-8"?>
<!-- Generated by org.testng.reporters.JUnitReportReporter -->
<testsuite hostname="IN-L1432" name="com.yodlee.iae.commons.dbcobrandinfo.cobfetcher.test.CobrandSiteHandlerTest" tests="1" failures="0" timestamp="28 Jul 2019 19:21:32 GMT" time="0.134" errors="0">
  <testcase name="TestBuildResultMap" time="0.134" classname="com.yodlee.iae.commons.dbcobrandinfo.cobfetcher.test.CobrandSiteHandlerTest"/>
</testsuite> <!-- com.yodlee.iae.commons.dbcobrandinfo.cobfetcher.test.CobrandSiteHandlerTest -->
