<?xml version="1.0" encoding="UTF-8"?>
<!-- Generated by org.testng.reporters.JUnitReportReporter -->
<testsuite hostname="IN-L1432" name="com.yodlee.iae.commons.dbcobrandinfo.cobfetcher.test.RedisServiceTest" tests="1" failures="0" timestamp="28 Jul 2019 19:23:27 GMT" time="0.083" errors="0">
  <testcase name="testCobrandDataCaching" time="0.083" classname="com.yodlee.iae.commons.dbcobrandinfo.cobfetcher.test.RedisServiceTest"/>
</testsuite> <!-- com.yodlee.iae.commons.dbcobrandinfo.cobfetcher.test.RedisServiceTest -->
